[2026-07-18 03:54:27] production.ERROR: In order to use the Auth::routes() method, please install the laravel/ui package. {"exception":"[object] (RuntimeException(code: 0): In order to use the Auth::routes() method, please install the laravel/ui package. at /Users/admin/Laravel/php-laravel-docker-mrpq6vnu/vendor/laravel/framework/src/Illuminate/Support/Facades/Auth.php:93)
[stacktrace]
#0 /Users/admin/Laravel/php-laravel-docker-mrpq6vnu/routes/web.php(30): Illuminate\\Support\\Facades\\Auth::routes()
#1 /Users/admin/Laravel/php-laravel-docker-mrpq6vnu/vendor/laravel/framework/src/Illuminate/Routing/Router.php(509): Illuminate\\Routing\\RouteFileRegistrar->{closure:/Users/admin/Laravel/php-laravel-docker-mrpq6vnu/routes/web.php:27}(Object(Illuminate\\Routing\\Router))
#2 /Users/admin/Laravel/php-laravel-docker-mrpq6vnu/vendor/laravel/framework/src/Illuminate/Routing/Router.php(465): Illuminate\\Routing\\Router->loadRoutes(Object(Closure))
#3 /Users/admin/Laravel/php-laravel-docker-mrpq6vnu/vendor/laravel/framework/src/Illuminate/Support/Facades/Facade.php(355): Illuminate\\Routing\\Router->group(Array, Object(Closure))
#4 /Users/admin/Laravel/php-laravel-docker-mrpq6vnu/routes/web.php(27): Illuminate\\Support\\Facades\\Facade::__callStatic('group', Array)
#5 /Users/admin/Laravel/php-laravel-docker-mrpq6vnu/vendor/laravel/framework/src/Illuminate/Routing/RouteFileRegistrar.php(35): require('/Users/admin/La...')
#6 /Users/admin/Laravel/php-laravel-docker-mrpq6vnu/vendor/laravel/framework/src/Illuminate/Routing/Router.php(511): Illuminate\\Routing\\RouteFileRegistrar->register('/Users/admin/La...')
#7 /Users/admin/Laravel/php-laravel-docker-mrpq6vnu/vendor/laravel/framework/src/Illuminate/Routing/Router.php(465): Illuminate\\Routing\\Router->loadRoutes('/Users/admin/La...')
#8 /Users/admin/Laravel/php-laravel-docker-mrpq6vnu/vendor/laravel/framework/src/Illuminate/Routing/RouteRegistrar.php(194): Illuminate\\Routing\\Router->group(Array, '/Users/admin/La...')
#9 /Users/admin/Laravel/php-laravel-docker-mrpq6vnu/app/Providers/RouteServiceProvider.php(56): Illuminate\\Routing\\RouteRegistrar->group('/Users/admin/La...')
#10 /Users/admin/Laravel/php-laravel-docker-mrpq6vnu/app/Providers/RouteServiceProvider.php(40): App\\Providers\\RouteServiceProvider->mapWebRoutes()
#11 /Users/admin/Laravel/php-laravel-docker-mrpq6vnu/vendor/laravel/framework/src/Illuminate/Container/BoundMethod.php(36): App\\Providers\\RouteServiceProvider->map()
#12 /Users/admin/Laravel/php-laravel-docker-mrpq6vnu/vendor/laravel/framework/src/Illuminate/Container/Util.php(41): Illuminate\\Container\\BoundMethod::{closure:Illuminate\\Container\\BoundMethod::call():35}()
#13 /Users/admin/Laravel/php-laravel-docker-mrpq6vnu/vendor/laravel/framework/src/Illuminate/Container/BoundMethod.php(93): Illuminate\\Container\\Util::unwrapIfClosure(Object(Closure))
#14 /Users/admin/Laravel/php-laravel-docker-mrpq6vnu/vendor/laravel/framework/src/Illuminate/Container/BoundMethod.php(35): Illuminate\\Container\\BoundMethod::callBoundMethod(Object(Illuminate\\Foundation\\Application), Array, Object(Closure))
#15 /Users/admin/Laravel/php-laravel-docker-mrpq6vnu/vendor/laravel/framework/src/Illuminate/Container/Container.php(662): Illuminate\\Container\\BoundMethod::call(Object(Illuminate\\Foundation\\Application), Array, Array, NULL)
#16 /Users/admin/Laravel/php-laravel-docker-mrpq6vnu/vendor/laravel/framework/src/Illuminate/Foundation/Support/Providers/RouteServiceProvider.php(122): Illuminate\\Container\\Container->call(Array)
#17 /Users/admin/Laravel/php-laravel-docker-mrpq6vnu/vendor/laravel/framework/src/Illuminate/Foundation/Support/Providers/RouteServiceProvider.php(45): Illuminate\\Foundation\\Support\\Providers\\RouteServiceProvider->loadRoutes()
#18 /Users/admin/Laravel/php-laravel-docker-mrpq6vnu/vendor/laravel/framework/src/Illuminate/Container/BoundMethod.php(36): Illuminate\\Foundation\\Support\\Providers\\RouteServiceProvider->{closure:Illuminate\\Foundation\\Support\\Providers\\RouteServiceProvider::register():39}()
#19 /Users/admin/Laravel/php-laravel-docker-mrpq6vnu/vendor/laravel/framework/src/Illuminate/Container/Util.php(41): Illuminate\\Container\\BoundMethod::{closure:Illuminate\\Container\\BoundMethod::call():35}()
#20 /Users/admin/Laravel/php-laravel-docker-mrpq6vnu/vendor/laravel/framework/src/Illuminate/Container/BoundMethod.php(81): Illuminate\\Container\\Util::unwrapIfClosure(Object(Closure))
#21 /Users/admin/Laravel/php-laravel-docker-mrpq6vnu/vendor/laravel/framework/src/Illuminate/Container/BoundMethod.php(35): Illuminate\\Container\\BoundMethod::callBoundMethod(Object(Illuminate\\Foundation\\Application), Object(Closure), Object(Closure))
#22 /Users/admin/Laravel/php-laravel-docker-mrpq6vnu/vendor/laravel/framework/src/Illuminate/Container/Container.php(662): Illuminate\\Container\\BoundMethod::call(Object(Illuminate\\Foundation\\Application), Object(Closure), Array, NULL)
#23 /Users/admin/Laravel/php-laravel-docker-mrpq6vnu/vendor/laravel/framework/src/Illuminate/Support/ServiceProvider.php(119): Illuminate\\Container\\Container->call(Object(Closure))
#24 /Users/admin/Laravel/php-laravel-docker-mrpq6vnu/vendor/laravel/framework/src/Illuminate/Foundation/Application.php(1062): Illuminate\\Support\\ServiceProvider->callBootedCallbacks()
#25 /Users/admin/Laravel/php-laravel-docker-mrpq6vnu/vendor/laravel/framework/src/Illuminate/Foundation/Application.php(1040): Illuminate\\Foundation\\Application->bootProvider(Object(App\\Providers\\RouteServiceProvider))
#26 [internal function]: Illuminate\\Foundation\\Application->{closure:Illuminate\\Foundation\\Application::boot():1039}(Object(App\\Providers\\RouteServiceProvider), 32)
#27 /Users/admin/Laravel/php-laravel-docker-mrpq6vnu/vendor/laravel/framework/src/Illuminate/Foundation/Application.php(1039): array_walk(Array, Object(Closure))
#28 /Users/admin/Laravel/php-laravel-docker-mrpq6vnu/vendor/laravel/framework/src/Illuminate/Foundation/Bootstrap/BootProviders.php(17): Illuminate\\Foundation\\Application->boot()
#29 /Users/admin/Laravel/php-laravel-docker-mrpq6vnu/vendor/laravel/framework/src/Illuminate/Foundation/Application.php(286): Illuminate\\Foundation\\Bootstrap\\BootProviders->bootstrap(Object(Illuminate\\Foundation\\Application))
#30 /Users/admin/Laravel/php-laravel-docker-mrpq6vnu/vendor/laravel/framework/src/Illuminate/Foundation/Console/Kernel.php(447): Illuminate\\Foundation\\Application->bootstrapWith(Array)
#31 /Users/admin/Laravel/php-laravel-docker-mrpq6vnu/vendor/laravel/framework/src/Illuminate/Foundation/Console/Kernel.php(199): Illuminate\\Foundation\\Console\\Kernel->bootstrap()
#32 /Users/admin/Laravel/php-laravel-docker-mrpq6vnu/artisan(35): Illuminate\\Foundation\\Console\\Kernel->handle(Object(Symfony\\Component\\Console\\Input\\ArgvInput), Object(Symfony\\Component\\Console\\Output\\ConsoleOutput))
#33 {main}
"} 
